[preview.colorlib.com/theme/bootstrap/contact-form-18/index.html]
[preview.colorlib.com/theme/bootstrap/contact-form-18/fonts/icomoon/style.css]
[preview.colorlib.com/theme/bootstrap/contact-form-18/css/bootstrap.min.css]
[backblue.gif]
[fade.gif]
[index.html]
[preview.colorlib.com/theme/bootstrap/contact-form-18/css/style.css]
[preview.colorlib.com/theme/bootstrap/contact-form-18/images/map.jpg]
[preview.colorlib.com/theme/bootstrap/contact-form-18/js/jquery-3.3.1.min.js]
[preview.colorlib.com/theme/bootstrap/contact-form-18/js/popper.min.js]
[preview.colorlib.com/theme/bootstrap/contact-form-18/js/bootstrap.min.js]
[preview.colorlib.com/theme/bootstrap/contact-form-18/js/jquery.validate.min.js]
[preview.colorlib.com/theme/bootstrap/contact-form-18/js/main.js]
[preview.colorlib.com/theme/bootstrap/contact-form-18/index.html]
[preview.colorlib.com/theme/bootstrap/contact-form-18/fonts/icomoon/fonts/icomoon1a44.eot]
[preview.colorlib.com/theme/bootstrap/contact-form-18/fonts/icomoon/fonts/icomoon1a44.ttf]
[preview.colorlib.com/theme/bootstrap/contact-form-18/fonts/icomoon/fonts/icomoon1a44.woff]
[preview.colorlib.com/theme/bootstrap/contact-form-18/fonts/icomoon/style.css]
[preview.colorlib.com/theme/bootstrap/contact-form-18/css/bootstrap.min.css]
[preview.colorlib.com/theme/bootstrap/contact-form-18/css/style.css]
[preview.colorlib.com/cdn-cgi/zaraz/sd0d9.js]
[preview.colorlib.com/theme/bootstrap/contact-form-18/fonts/icomoon/fonts/icomoon1a44.svg]
[preview.colorlib.com/theme/bootstrap/contact-form-18/fonts/icomoon/fonts/icomoon1a44.svg]
